<?xml version="1.0" encoding="UTF-8"?>
<testng-results ignored="0" total="1" passed="1" failed="0" skipped="0">
  <reporter-output>
  </reporter-output>
  <suite started-at="2020-12-29T22:21:11 GMT-08:00" name="Default suite" finished-at="2020-12-29T22:21:14 GMT-08:00" duration-ms="2420">
    <groups>
    </groups>
    <test started-at="2020-12-29T22:21:11 GMT-08:00" name="Default test" finished-at="2020-12-29T22:21:14 GMT-08:00" duration-ms="2420">
      <class name="com.qa.tests.PostAPITestCase">
        <test-method is-config="true" signature="setUp()[pri:0, instance:com.qa.tests.PostAPITestCase@548e6d58]" started-at="2020-12-29T22:21:11 GMT-08:00" name="setUp" finished-at="2020-12-29T22:21:11 GMT-08:00" duration-ms="7" status="PASS">
          <reporter-output>
          </reporter-output>
        </test-method> <!-- setUp -->
        <test-method signature="CreateUserTestCase()[pri:0, instance:com.qa.tests.PostAPITestCase@548e6d58]" started-at="2020-12-29T22:21:11 GMT-08:00" name="CreateUserTestCase" finished-at="2020-12-29T22:21:14 GMT-08:00" duration-ms="2353" status="PASS">
          <reporter-output>
          </reporter-output>
        </test-method> <!-- CreateUserTestCase -->
      </class> <!-- com.qa.tests.PostAPITestCase -->
    </test> <!-- Default test -->
  </suite> <!-- Default suite -->
</testng-results>
